Build started 2014/11/10 22:44:55.
     1>Project "C:\Users\foreverwhisper\Documents\GitHub\leap_FingerMouse\LeapMotionSample.vcxproj" on node 2 (Build target(s)).
     1>ClCompile:
         C:\Program Files (x86)\Microsoft Visual Studio 11.0\VC\bin\CL.exe /c /ID:\LeapDeveloperKit_2.1.5+22699_win\LeapSDK\include /ZI /nologo /W3 /WX- /Od /Oy- /D _MBCS /Gm /EHsc /RTC1 /MDd /GS /fp:precise /Zc:wchar_t /Zc:forScope /Fo"Debug\\" /Fd"Debug\vc110.pdb" /Gd /TP /analyze- /errorReport:prompt main.cpp SimpleListener.cpp
         SimpleListener.cpp
     1>c:\users\foreverwhisper\documents\github\leap_fingermouse\simplelistener.cpp(36): warning C4244: 'initializing' : conversion from 'float' to 'int', possible loss of data
     1>c:\users\foreverwhisper\documents\github\leap_fingermouse\simplelistener.cpp(37): warning C4244: 'initializing' : conversion from 'float' to 'int', possible loss of data
     1>c:\users\foreverwhisper\documents\github\leap_fingermouse\simplelistener.cpp(45): warning C4244: 'argument' : conversion from 'double' to 'DWORD', possible loss of data
         main.cpp
         Generating Code...
       Link:
         C:\Program Files (x86)\Microsoft Visual Studio 11.0\VC\bin\link.exe /ERRORREPORT:PROMPT /OUT:"C:\Users\foreverwhisper\Documents\GitHub\leap_FingerMouse\Debug\LeapMotionSample1.exe" /INCREMENTAL /NOLOGO /LIBPATH:D:\LeapDeveloperKit_2.1.5+22699_win\LeapSDK\lib\x86 leapd.lib kernel32.lib user32.lib gdi32.lib winspool.lib comdlg32.lib advapi32.lib shell32.lib ole32.lib oleaut32.lib uuid.lib odbc32.lib odbccp32.lib kernel32.lib user32.lib gdi32.lib winspool.lib comdlg32.lib advapi32.lib shell32.lib ole32.lib oleaut32.lib uuid.lib odbc32.lib odbccp32.lib /MANIFEST /MANIFESTUAC:"level='asInvoker' uiAccess='false'" /manifest:embed /DEBUG /PDB:"C:\Users\foreverwhisper\Documents\GitHub\leap_FingerMouse\Debug\LeapMotionSample1.pdb" /TLBID:1 /DYNAMICBASE /NXCOMPAT /IMPLIB:"C:\Users\foreverwhisper\Documents\GitHub\leap_FingerMouse\Debug\LeapMotionSample1.lib" /MACHINE:X86 Debug\main.obj
         Debug\SimpleListener.obj
         LeapMotionSample.vcxproj -> C:\Users\foreverwhisper\Documents\GitHub\leap_FingerMouse\Debug\LeapMotionSample1.exe
       PostBuildEvent:
         xcopy /yr "D:\LeapDeveloperKit_2.1.5+22699_win\LeapSDK\lib\x86\Leapd.dll" "C:\Users\foreverwhisper\Documents\GitHub\leap_FingerMouse\Debug\"
         xcopy /yr "D:\LeapDeveloperKit_2.1.5+22699_win\LeapSDK\lib\x86\msvcp120d.dll" "C:\Users\foreverwhisper\Documents\GitHub\leap_FingerMouse\Debug\"
         xcopy /yr "D:\LeapDeveloperKit_2.1.5+22699_win\LeapSDK\lib\x86\msvcr120d.dll" "C:\Users\foreverwhisper\Documents\GitHub\leap_FingerMouse\Debug\"
         :VCEnd
         D:\LeapDeveloperKit_2.1.5+22699_win\LeapSDK\lib\x86\Leapd.dll
         1 File(s) copied
         D:\LeapDeveloperKit_2.1.5+22699_win\LeapSDK\lib\x86\msvcp120d.dll
         1 File(s) copied
         D:\LeapDeveloperKit_2.1.5+22699_win\LeapSDK\lib\x86\msvcr120d.dll
         1 File(s) copied
     1>Done Building Project "C:\Users\foreverwhisper\Documents\GitHub\leap_FingerMouse\LeapMotionSample.vcxproj" (Build target(s)).

Build succeeded.

Time Elapsed 00:00:03.62
