C:\USERS\FOREVERWHISPER\DOCUMENTS\GITHUB\LEAP_FINGERMOUSE\DEBUG\MAIN.OBJ
C:\USERS\FOREVERWHISPER\DOCUMENTS\GITHUB\LEAP_FINGERMOUSE\DEBUG\SIMPLELISTENER.OBJ
C:\USERS\FOREVERWHISPER\DOCUMENTS\GITHUB\LEAP_FINGERMOUSE\DEBUG\VC110.PDB
C:\USERS\FOREVERWHISPER\DOCUMENTS\GITHUB\LEAP_FINGERMOUSE\DEBUG\LEAPMOTIONSAMPLE1.ILK
C:\USERS\FOREVERWHISPER\DOCUMENTS\GITHUB\LEAP_FINGERMOUSE\DEBUG\LEAPMOTIONSAMPLE1.EXE
C:\USERS\FOREVERWHISPER\DOCUMENTS\GITHUB\LEAP_FINGERMOUSE\DEBUG\LEAPMOTIONSAMPLE1.PDB
C:\Users\foreverwhisper\Documents\GitHub\leap_FingerMouse\Debug\main.obj
C:\Users\foreverwhisper\Documents\GitHub\leap_FingerMouse\Debug\SimpleListener.obj
C:\Users\foreverwhisper\Documents\GitHub\leap_FingerMouse\Debug\LeapMotionSample1.ilk
C:\Users\foreverwhisper\Documents\GitHub\leap_FingerMouse\Debug\cl.command.1.tlog
C:\Users\foreverwhisper\Documents\GitHub\leap_FingerMouse\Debug\CL.read.1.tlog
C:\Users\foreverwhisper\Documents\GitHub\leap_FingerMouse\Debug\CL.write.1.tlog
C:\Users\foreverwhisper\Documents\GitHub\leap_FingerMouse\Debug\link-cvtres.read.1.tlog
C:\Users\foreverwhisper\Documents\GitHub\leap_FingerMouse\Debug\link-cvtres.write.1.tlog
C:\Users\foreverwhisper\Documents\GitHub\leap_FingerMouse\Debug\link-rc.read.1.tlog
C:\Users\foreverwhisper\Documents\GitHub\leap_FingerMouse\Debug\link-rc.write.1.tlog
C:\Users\foreverwhisper\Documents\GitHub\leap_FingerMouse\Debug\link.command.1.tlog
C:\Users\foreverwhisper\Documents\GitHub\leap_FingerMouse\Debug\link.read.1.tlog
C:\Users\foreverwhisper\Documents\GitHub\leap_FingerMouse\Debug\link.write.1.tlog
C:\Users\foreverwhisper\Documents\GitHub\leap_FingerMouse\Debug\vc110.idb
C:\Users\foreverwhisper\Documents\GitHub\leap_FingerMouse\Debug\LeapMotionSample1.pdb
C:\Users\foreverwhisper\Documents\GitHub\leap_FingerMouse\Debug\vc110.pdb
C:\Users\foreverwhisper\Documents\GitHub\leap_FingerMouse\Debug\LeapMotionSample1.exe
